<?xml version="1.0" encoding="UTF-8"?>
<testng-results skipped="0" failed="0" ignored="0" total="1" passed="1">
  <reporter-output>
  </reporter-output>
  <suite name="Default suite" duration-ms="97366" started-at="2019-07-28T15:05:48Z" finished-at="2019-07-28T15:07:25Z">
    <groups>
    </groups>
    <test name="Default test" duration-ms="97366" started-at="2019-07-28T15:05:48Z" finished-at="2019-07-28T15:07:25Z">
      <class name="com.mc.TestFilghtBokking">
        <test-method status="PASS" signature="setup()[pri:0, instance:com.mc.TestFilghtBokking@464bee09]" name="setup" is-config="true" duration-ms="4449" started-at="2019-07-28T15:05:48Z" finished-at="2019-07-28T15:05:52Z">
          <reporter-output>
          </reporter-output>
        </test-method> <!-- setup -->
        <test-method status="PASS" signature="openBrowser()[pri:0, instance:com.mc.TestFilghtBokking@464bee09]" name="openBrowser" duration-ms="92884" started-at="2019-07-28T15:05:52Z" finished-at="2019-07-28T15:07:25Z">
          <reporter-output>
          </reporter-output>
        </test-method> <!-- openBrowser -->
        <test-method status="PASS" signature="tearDown()[pri:0, instance:com.mc.TestFilghtBokking@464bee09]" name="tearDown" is-config="true" duration-ms="0" started-at="2019-07-28T15:07:25Z" finished-at="2019-07-28T15:07:25Z">
          <reporter-output>
          </reporter-output>
        </test-method> <!-- tearDown -->
      </class> <!-- com.mc.TestFilghtBokking -->
    </test> <!-- Default test -->
  </suite> <!-- Default suite -->
</testng-results>
